<?xml version="1.0" encoding="UTF-8"?>
<!-- Generated by org.testng.reporters.JUnitReportReporter -->
<testsuite hostname="DESKTOP-C060KUP" failures="0" tests="4" name="testNG.Enabled_false" time="0.022" errors="0" timestamp="2024-11-27T18:59:26 IST" skipped="1">
  <testcase classname="testNG.Enabled_false" name="login" time="0.017"/>
  <system-out/>
  <testcase classname="testNG.Enabled_false" name="signup" time="0.002"/>
  <system-out/>
  <testcase classname="testNG.Enabled_false" name="logout" time="0.003"/>
  <system-out/>
  <testcase classname="testNG.Enabled_false" name="homepage">
    <skipped/>
  </testcase> <!-- homepage -->
  <system-out/>
</testsuite> <!-- testNG.Enabled_false -->
