<?xml version="1.0" encoding="UTF-8"?>
<!-- Generated by org.testng.reporters.JUnitReportReporter -->
<testsuite hostname="DESKTOP-C060KUP" failures="0" tests="1" name="testNG.Assertequals" time="9.276" errors="0" timestamp="2024-12-08T19:16:49 IST" skipped="0">
  <testcase classname="testNG.Assertequals" name="signup" time="9.276"/>
  <system-out/>
</testsuite> <!-- testNG.Assertequals -->
