<?xml version="1.0" encoding="UTF-8"?>
<!-- Generated by org.testng.reporters.JUnitReportReporter -->
<testsuite hostname="DESKTOP-C060KUP" failures="0" tests="4" name="testNG.Priority" time="0.017" errors="0" timestamp="2024-11-27T21:56:38 IST" skipped="0">
  <testcase classname="testNG.Priority" name="signup" time="0.003"/>
  <system-out/>
  <testcase classname="testNG.Priority" name="login" time="0.001"/>
  <system-out/>
  <testcase classname="testNG.Priority" name="homepage" time="0.010"/>
  <system-out/>
  <testcase classname="testNG.Priority" name="logout" time="0.003"/>
  <system-out/>
</testsuite> <!-- testNG.Priority -->
