<?xml version="1.0" encoding="UTF-8"?>
<!-- Generated by org.testng.reporters.JUnitReportReporter -->
<testsuite hostname="DESKTOP-C060KUP" failures="0" tests="1" name="testNG.Script_1" time="0.004" errors="0" timestamp="2024-11-27T21:56:38 IST" skipped="0">
  <testcase classname="testNG.Script_1" name="Testcase" time="0.004"/>
  <system-out>
    <![CDATA[Hello]]>
  </system-out>
</testsuite> <!-- testNG.Script_1 -->
