<?xml version="1.0" encoding="UTF-8"?>
<!-- Generated by org.testng.reporters.JUnitReportReporter -->
<testsuite hostname="DESKTOP-C060KUP" failures="0" tests="1" name="testNG.Assert" time="9.353" errors="0" timestamp="2024-12-08T19:29:29 IST" skipped="0">
  <testcase classname="testNG.Assert" name="signup" time="9.353"/>
  <system-out/>
</testsuite> <!-- testNG.Assert -->
