<?xml version="1.0" encoding="UTF-8"?>
<!-- Generated by org.testng.reporters.JUnitReportReporter -->
<testsuite hostname="DESKTOP-C060KUP" failures="0" tests="2" name="testNG.InvocationCount" time="0.021" errors="0" timestamp="2024-11-27T18:39:07 IST" skipped="0">
  <testcase classname="testNG.InvocationCount" name="Testcase" time="0.017"/>
  <system-out>
    <![CDATA[hello]]>
  </system-out>
  <testcase classname="testNG.InvocationCount" name="Testcase" time="0.004"/>
  <system-out>
    <![CDATA[hello]]>
  </system-out>
</testsuite> <!-- testNG.InvocationCount -->
