<?xml version="1.0" encoding="UTF-8"?>
<!-- Generated by org.testng.reporters.JUnitReportReporter -->
<testsuite hostname="DESKTOP-C060KUP" failures="0" tests="1" name="testNG.Signup" time="11.293" errors="0" timestamp="2024-12-09T10:48:46 IST" skipped="0">
  <testcase classname="testNG.Signup" name="signup" time="11.293"/>
  <system-out/>
</testsuite> <!-- testNG.Signup -->
