<?xml version="1.0" encoding="UTF-8"?>
<!-- Generated by org.testng.reporters.JUnitReportReporter -->
<testsuite hostname="DESKTOP-C060KUP" failures="0" tests="1" name="testNG.Script" time="10.071" errors="0" timestamp="2024-12-09T10:49:56 IST" skipped="0">
  <testcase classname="testNG.Script" name="signup" time="10.071"/>
  <system-out/>
</testsuite> <!-- testNG.Script -->
