<?xml version="1.0" encoding="UTF-8"?>
<!-- Generated by org.testng.reporters.JUnitReportReporter -->
<testsuite hostname="DESKTOP-C060KUP" failures="0" tests="1" name="Annotations.Testcase1" time="4.187" errors="0" timestamp="2024-11-29T14:05:52 IST" skipped="0">
  <testcase classname="Annotations.Testcase1" name="usn" time="4.187"/>
  <system-out/>
</testsuite> <!-- Annotations.Testcase1 -->
