<?xml version="1.0" encoding="UTF-8"?>
<!-- Generated by org.testng.reporters.JUnitReportReporter -->
<testsuite hostname="DESKTOP-C060KUP" failures="0" tests="1" name="Annotations.Testcase3" time="4.693" errors="0" timestamp="2024-11-29T14:05:52 IST" skipped="0">
  <testcase classname="Annotations.Testcase3" name="title" time="4.693"/>
  <system-out/>
</testsuite> <!-- Annotations.Testcase3 -->
