<?xml version="1.0" encoding="UTF-8"?>
<!-- Generated by org.testng.reporters.JUnitReportReporter -->
<testsuite hostname="DESKTOP-C060KUP" failures="0" tests="1" name="testNG.SoftAssert" time="9.668" errors="0" timestamp="2024-12-08T19:26:20 IST" skipped="0">
  <testcase classname="testNG.SoftAssert" name="signup" time="9.668"/>
  <system-out/>
</testsuite> <!-- testNG.SoftAssert -->
