<?xml version="1.0" encoding="UTF-8"?>
<!-- Generated by org.testng.reporters.JUnitReportReporter -->
<testsuite hostname="DESKTOP-C060KUP" failures="0" tests="2" name="testNG.MultipleScript" time="0.018" errors="0" timestamp="2024-11-27T21:56:38 IST" skipped="0">
  <testcase classname="testNG.MultipleScript" name="Testcase2" time="0.002"/>
  <system-out>
    <![CDATA[Goodmorning]]>
  </system-out>
  <testcase classname="testNG.MultipleScript" name="Testcase1" time="0.016"/>
  <system-out>
    <![CDATA[Goodafternoon]]>
  </system-out>
</testsuite> <!-- testNG.MultipleScript -->
